[19-Mar-2024 12:02:41 UTC] PHP Warning:  Undefined variable $g_strQuery in C:\inetpub\wwwroot\www.katescastle.com.au\common.php on line 737
[19-Mar-2024 12:02:41 UTC] PHP Warning:  Undefined variable $g_strQuery in C:\inetpub\wwwroot\www.katescastle.com.au\common.php on line 737
[19-Mar-2024 12:02:41 UTC] PHP Warning:  Undefined variable $g_strQuery in C:\inetpub\wwwroot\www.katescastle.com.au\common.php on line 737
[19-Mar-2024 12:02:41 UTC] PHP Warning:  Undefined variable $g_strQuery in C:\inetpub\wwwroot\www.katescastle.com.au\common.php on line 737
[19-Mar-2024 12:10:22 UTC] PHP Warning:  Undefined array key "sumary" in C:\inetpub\wwwroot\www.katescastle.com.au\common.php on line 749
[19-Mar-2024 12:10:32 UTC] PHP Warning:  Undefined array key "sumary" in C:\inetpub\wwwroot\www.katescastle.com.au\common.php on line 749
[19-Mar-2024 12:14:59 UTC] PHP Parse error:  syntax error, unexpected identifier "DoEscapeDoubleQuotes" in C:\inetpub\wwwroot\www.katescastle.com.au\common.php on line 725
[19-Mar-2024 13:03:54 UTC] PHP Parse error:  syntax error, unexpected fully qualified name "\n", expecting ")" in C:\inetpub\wwwroot\www.katescastle.com.au\common.php on line 746
[19-Mar-2024 14:35:11 UTC] PHP Warning:  Undefined array key "type" in C:\inetpub\wwwroot\www.katescastle.com.au\common.php on line 765
[20-Mar-2024 01:54:49 UTC] PHP Parse error:  syntax error, unexpected token "if", expecting "," or ";" in C:\inetpub\wwwroot\www.katescastle.com.au\common.php on line 722
[20-Mar-2024 01:58:07 UTC] PHP Fatal error:  Uncaught ArgumentCountError: Too few arguments to function DoGetPaypalButton(), 1 passed in C:\inetpub\wwwroot\www.katescastle.com.au\common.php on line 788 and exactly 2 expected in C:\inetpub\wwwroot\www.katescastle.com.au\common.php:715
Stack trace:
#0 C:\inetpub\wwwroot\www.katescastle.com.au\common.php(788): DoGetPaypalButton(8)
#1 C:\inetpub\wwwroot\www.katescastle.com.au\Fiction\Fantasy\fantasy.php(87): DoGetBooks('3', '16')
#2 {main}
  thrown in C:\inetpub\wwwroot\www.katescastle.com.au\common.php on line 715
[20-Mar-2024 01:58:11 UTC] PHP Fatal error:  Uncaught ArgumentCountError: Too few arguments to function DoGetPaypalButton(), 1 passed in C:\inetpub\wwwroot\www.katescastle.com.au\common.php on line 788 and exactly 2 expected in C:\inetpub\wwwroot\www.katescastle.com.au\common.php:715
Stack trace:
#0 C:\inetpub\wwwroot\www.katescastle.com.au\common.php(788): DoGetPaypalButton(8)
#1 C:\inetpub\wwwroot\www.katescastle.com.au\Fiction\Fantasy\fantasy.php(87): DoGetBooks('3', '16')
#2 {main}
  thrown in C:\inetpub\wwwroot\www.katescastle.com.au\common.php on line 715
[20-Mar-2024 01:58:18 UTC] PHP Fatal error:  Uncaught ArgumentCountError: Too few arguments to function DoGetPaypalButton(), 1 passed in C:\inetpub\wwwroot\www.katescastle.com.au\common.php on line 788 and exactly 2 expected in C:\inetpub\wwwroot\www.katescastle.com.au\common.php:715
Stack trace:
#0 C:\inetpub\wwwroot\www.katescastle.com.au\common.php(788): DoGetPaypalButton(8)
#1 C:\inetpub\wwwroot\www.katescastle.com.au\Fiction\Fantasy\fantasy.php(87): DoGetBooks('3', '16')
#2 {main}
  thrown in C:\inetpub\wwwroot\www.katescastle.com.au\common.php on line 715
[20-Mar-2024 01:59:13 UTC] PHP Parse error:  syntax error, unexpected token ";", expecting ")" in C:\inetpub\wwwroot\www.katescastle.com.au\common.php on line 788
