[19-Mar-2024 06:30:44 UTC] PHP Warning:  Undefined property: stdClass::$topic_id in C:\inetpub\wwwroot\www.katescastle.com.au\admin.php on line 571
[19-Mar-2024 06:39:18 UTC] PHP Warning:  Undefined property: stdClass::$topic_id in C:\inetpub\wwwroot\www.katescastle.com.au\admin.php on line 571
[19-Mar-2024 06:41:02 UTC] PHP Warning:  Undefined property: stdClass::$topic_id in C:\inetpub\wwwroot\www.katescastle.com.au\admin.php on line 571
[19-Mar-2024 06:41:08 UTC] PHP Warning:  Undefined property: stdClass::$topic_id in C:\inetpub\wwwroot\www.katescastle.com.au\admin.php on line 571
[19-Mar-2024 06:42:01 UTC] PHP Warning:  Undefined property: stdClass::$topic_id in C:\inetpub\wwwroot\www.katescastle.com.au\admin.php on line 571
[19-Mar-2024 06:48:17 UTC] PHP Warning:  Undefined property: stdClass::$topic_id in C:\inetpub\wwwroot\www.katescastle.com.au\admin.php on line 571
[21-Mar-2024 04:41:03 UTC] PHP Parse error:  syntax error, unexpected token "<", expecting end of file in C:\inetpub\wwwroot\www.katescastle.com.au\ShoppingCart.php on line 18
[21-Mar-2024 04:42:11 UTC] PHP Warning:  require_once(/styles/style.css): Failed to open stream: No such file or directory in C:\inetpub\wwwroot\www.katescastle.com.au\ShoppingCart.php on line 24
[21-Mar-2024 04:42:11 UTC] PHP Fatal error:  Uncaught Error: Failed opening required '/styles/style.css' (include_path='.;C:\php\pear') in C:\inetpub\wwwroot\www.katescastle.com.au\ShoppingCart.php:24
Stack trace:
#0 {main}
  thrown in C:\inetpub\wwwroot\www.katescastle.com.au\ShoppingCart.php on line 24
[21-Mar-2024 04:43:21 UTC] PHP Warning:  require_once(/styles/style.css): Failed to open stream: No such file or directory in C:\inetpub\wwwroot\www.katescastle.com.au\ShoppingCart.php on line 24
[21-Mar-2024 04:43:21 UTC] PHP Fatal error:  Uncaught Error: Failed opening required '/styles/style.css' (include_path='.;C:\php\pear') in C:\inetpub\wwwroot\www.katescastle.com.au\ShoppingCart.php:24
Stack trace:
#0 {main}
  thrown in C:\inetpub\wwwroot\www.katescastle.com.au\ShoppingCart.php on line 24
[21-Mar-2024 04:43:24 UTC] PHP Warning:  require_once(/styles/style.css): Failed to open stream: No such file or directory in C:\inetpub\wwwroot\www.katescastle.com.au\ShoppingCart.php on line 24
[21-Mar-2024 04:43:24 UTC] PHP Fatal error:  Uncaught Error: Failed opening required '/styles/style.css' (include_path='.;C:\php\pear') in C:\inetpub\wwwroot\www.katescastle.com.au\ShoppingCart.php:24
Stack trace:
#0 {main}
  thrown in C:\inetpub\wwwroot\www.katescastle.com.au\ShoppingCart.php on line 24
[21-Mar-2024 10:07:44 UTC] PHP Fatal error:  Array and string offset access syntax with curly braces is no longer supported in C:\inetpub\wwwroot\www.katescastle.com.au\Classes\PHPExcel\Shared\ZipStreamWrapper.php on line 167
[21-Mar-2024 10:50:45 UTC] PHP Warning:  require_once(C:\inetpub\wwwroot\www.katescastle.com.au/../Classes/PHPExcel/IOFactory.php): Failed to open stream: No such file or directory in C:\inetpub\wwwroot\www.katescastle.com.au\common.php on line 18
[21-Mar-2024 10:50:45 UTC] PHP Fatal error:  Uncaught Error: Failed opening required 'C:\inetpub\wwwroot\www.katescastle.com.au/../Classes/PHPExcel/IOFactory.php' (include_path='.;C:\php\pear') in C:\inetpub\wwwroot\www.katescastle.com.au\common.php:18
Stack trace:
#0 C:\inetpub\wwwroot\www.katescastle.com.au\ShoppingCart.php(8): require_once()
#1 {main}
  thrown in C:\inetpub\wwwroot\www.katescastle.com.au\common.php on line 18
[21-Mar-2024 10:51:45 UTC] PHP Fatal error:  Array and string offset access syntax with curly braces is no longer supported in C:\inetpub\wwwroot\www.katescastle.com.au\Classes\PHPExcel\Shared\ZipStreamWrapper.php on line 167
[21-Mar-2024 11:05:14 UTC] PHP Fatal error:  Array and string offset access syntax with curly braces is no longer supported in C:\inetpub\wwwroot\www.katescastle.com.au\Classes\PHPExcel\Shared\String.php on line 1059
[21-Mar-2024 11:06:21 UTC] PHP Fatal error:  Array and string offset access syntax with curly braces is no longer supported in C:\inetpub\wwwroot\www.katescastle.com.au\Classes\PHPExcel\Shared\String.php on line 1073
[21-Mar-2024 13:39:49 UTC] PHP Warning:  Undefined array key 1 in C:\inetpub\wwwroot\www.katescastle.com.au\ShoppingCart.php on line 232
[21-Mar-2024 13:39:49 UTC] PHP Warning:  Attempt to read property "fPostage" on null in C:\inetpub\wwwroot\www.katescastle.com.au\ShoppingCart.php on line 232
[21-Mar-2024 13:39:49 UTC] PHP Fatal error:  Uncaught Error: Undefined constant "strNewLine" in C:\inetpub\wwwroot\www.katescastle.com.au\ShoppingCart.php:233
Stack trace:
#0 {main}
  thrown in C:\inetpub\wwwroot\www.katescastle.com.au\ShoppingCart.php on line 233
[21-Mar-2024 13:42:12 UTC] PHP Warning:  Undefined property: stdClass::$fPostage in C:\inetpub\wwwroot\www.katescastle.com.au\ShoppingCart.php on line 232
[21-Mar-2024 13:42:12 UTC] PHP Fatal error:  Uncaught Error: Undefined constant "strNewLine" in C:\inetpub\wwwroot\www.katescastle.com.au\ShoppingCart.php:233
Stack trace:
#0 {main}
  thrown in C:\inetpub\wwwroot\www.katescastle.com.au\ShoppingCart.php on line 233
[21-Mar-2024 13:43:15 UTC] PHP Fatal error:  Uncaught Error: Undefined constant "strNewLine" in C:\inetpub\wwwroot\www.katescastle.com.au\ShoppingCart.php:233
Stack trace:
#0 {main}
  thrown in C:\inetpub\wwwroot\www.katescastle.com.au\ShoppingCart.php on line 233
